[02/09/2015 19:51:15.318000]  >>>>  MakeSuperSummaryStats_GMT
Stats written to Case1_NoTests/Run1/NoTests_Stats_1_400K_T90 
[02/09/2015 19:51:23.830000]  <<<<  MakeSuperSummaryStats_GMT
[02/09/2015 19:51:23.833000]  >>>>  MakeSuperSummaryStats_GMT
Stats written to Case1_PVR/Run1/PVR_Stats_1_400K_T90 
[02/09/2015 19:51:25.650000]  <<<<  MakeSuperSummaryStats_GMT
[02/09/2015 19:51:25.652000]  >>>>  MakeSuperSummaryStats_GMT
Stats written to Case1_PVR_Comm1/Run1/PVR_Comm1_Stats_1_400K_T90 
[02/09/2015 19:51:27.517000]  <<<<  MakeSuperSummaryStats_GMT
[02/09/2015 19:51:27.519000]  >>>>  MakeSuperSummaryStats_GMT
Stats written to Case1_PVR_Comm2/Run1/PVR_Comm2_Stats_1_400K_T90 
[02/09/2015 19:51:29.311000]  <<<<  MakeSuperSummaryStats_GMT
[02/09/2015 19:51:29.313000]  >>>>  MakeSuperSummaryStats_GMT
Stats written to Case1_PVR_Comm3/Run1/PVR_Comm3_Stats_1_400K_T90 
[02/09/2015 19:51:31.114000]  <<<<  MakeSuperSummaryStats_GMT
[02/09/2015 19:51:31.117000]  >>>>  MakeSuperSummaryStats_GMT
Stats written to Case1_PVR_Shape1/Run1/PVR_Shape1_Stats_1_400K_T90 
[02/09/2015 19:51:32.697000]  <<<<  MakeSuperSummaryStats_GMT
[02/09/2015 19:51:32.700000]  >>>>  MakeSuperSummaryStats_GMT
Stats written to Case1_PVR_Shape2/Run1/PVR_Shape2_Stats_1_400K_T90 
[02/09/2015 19:51:34.547000]  <<<<  MakeSuperSummaryStats_GMT
[02/09/2015 19:51:34.550000]  >>>>  MakeSuperSummaryStats_GMT
Stats written to Case1_PVR_Shape3/Run1/PVR_Shape3_Stats_1_400K_T90 
[02/09/2015 19:51:36.587000]  <<<<  MakeSuperSummaryStats_GMT
[02/09/2015 19:51:36.589000]  >>>>  MakeSuperSummaryStats_GMT
Stats written to Case1_PVR_Vol0p7/Run1/PVR_Vol0p7_Stats_1_400K_T90 
[02/09/2015 19:51:37.732000]  <<<<  MakeSuperSummaryStats_GMT
[02/09/2015 19:51:37.735000]  >>>>  MakeSuperSummaryStats_GMT
Stats written to Case1_PVR_Vol1p0/Run1/PVR_Vol1p0_Stats_1_400K_T90 
[02/09/2015 19:51:39.045000]  <<<<  MakeSuperSummaryStats_GMT
[02/09/2015 19:51:39.048000]  >>>>  MakeSuperSummaryStats_GMT
Stats written to Case1_PVR_Vol1p3/Run1/PVR_Vol1p3_Stats_1_400K_T90 
[02/09/2015 19:51:40.258000]  <<<<  MakeSuperSummaryStats_GMT
